app/build/intermediates/manifest_merge_blame_file/debug/manifest-merger-blame-debug-report.txt
1<?xml version="1.0" encoding="utf-8"?>
2<manifest xmlns:android="http://schemas.android.com/apk/res/android"
3    package="com.app.newislam"
4    android:versionCode="1"
5    android:versionName="1.0" >
6
7    <uses-sdk
8        android:minSdkVersion="17"
8-->src/main/AndroidManifest.xml
9        android:targetSdkVersion="30" />
9-->src/main/AndroidManifest.xml
10
11    <uses-permission android:name="android.permission.ACCESS_NETWORK_STATE" />
11-->src/main/AndroidManifest.xml:5:5-79
11-->src/main/AndroidManifest.xml:5:22-76
12    <uses-permission android:name="android.permission.INTERNET" />
12-->src/main/AndroidManifest.xml:6:5-67
12-->src/main/AndroidManifest.xml:6:22-64
13    <uses-permission android:name="android.permission.ACCESS_WIFI_STATE" />
13-->src/main/AndroidManifest.xml:7:5-76
13-->src/main/AndroidManifest.xml:7:22-73
14    <uses-permission android:name="android.permission.AUTHENTICATE_ACCOUNTS" />
14-->src/main/AndroidManifest.xml:8:5-80
14-->src/main/AndroidManifest.xml:8:22-77
15
16    <application
16-->src/main/AndroidManifest.xml:10:5-36:19
17        android:name="com.app.newislam.manager.base.BaseApplication"
17-->src/main/AndroidManifest.xml:11:9-53
18        android:allowBackup="true"
18-->src/main/AndroidManifest.xml:12:9-35
19        android:appComponentFactory="androidx.core.app.CoreComponentFactory"
19-->[androidx.core:core:1.3.2] AndroidManifest.xml:24:18-86
20        android:debuggable="true"
21        android:icon="@drawable/ic_logo_green"
21-->src/main/AndroidManifest.xml:13:9-47
22        android:label="@string/app_name"
22-->src/main/AndroidManifest.xml:14:9-41
23        android:roundIcon="@drawable/ic_logo_green"
23-->src/main/AndroidManifest.xml:15:9-52
24        android:supportsRtl="true"
24-->src/main/AndroidManifest.xml:16:9-35
25        android:testOnly="true"
26        android:theme="@style/AppTheme"
26-->src/main/AndroidManifest.xml:17:9-40
27        android:usesCleartextTraffic="true" >
27-->src/main/AndroidManifest.xml:18:9-44
28        <activity
28-->src/main/AndroidManifest.xml:19:9-23:20
29            android:name="com.app.newislam.ui.home.HomeActivity"
29-->src/main/AndroidManifest.xml:20:13-49
30            android:label="@string/title_activity_home"
30-->src/main/AndroidManifest.xml:21:13-56
31            android:theme="@style/AppTheme.NoActionBar" >
31-->src/main/AndroidManifest.xml:22:13-56
32        </activity>
33
34        <uses-library
34-->src/main/AndroidManifest.xml:25:9-27:40
35            android:name="org.apache.http.legacy"
35-->src/main/AndroidManifest.xml:26:13-50
36            android:required="false" />
36-->src/main/AndroidManifest.xml:27:13-37
37
38        <activity android:name="com.app.newislam.ui.MainActivity" >
38-->src/main/AndroidManifest.xml:29:9-35:20
38-->src/main/AndroidManifest.xml:29:19-50
39            <intent-filter>
39-->src/main/AndroidManifest.xml:30:13-34:29
40                <action android:name="android.intent.action.MAIN" />
40-->src/main/AndroidManifest.xml:31:17-69
40-->src/main/AndroidManifest.xml:31:25-66
41
42                <category android:name="android.intent.category.LAUNCHER" />
42-->src/main/AndroidManifest.xml:33:17-77
42-->src/main/AndroidManifest.xml:33:27-74
43            </intent-filter>
44        </activity>
45
46        <provider
46-->[com.readystatesoftware.chuck:library:1.1.0] AndroidManifest.xml:23:9-26:40
47            android:name="com.readystatesoftware.chuck.internal.data.ChuckContentProvider"
47-->[com.readystatesoftware.chuck:library:1.1.0] AndroidManifest.xml:24:13-91
48            android:authorities="com.app.newislam.chuck.provider"
48-->[com.readystatesoftware.chuck:library:1.1.0] AndroidManifest.xml:25:13-66
49            android:exported="false" />
49-->[com.readystatesoftware.chuck:library:1.1.0] AndroidManifest.xml:26:13-37
50
51        <activity
51-->[com.readystatesoftware.chuck:library:1.1.0] AndroidManifest.xml:28:9-33:50
52            android:name="com.readystatesoftware.chuck.internal.ui.MainActivity"
52-->[com.readystatesoftware.chuck:library:1.1.0] AndroidManifest.xml:29:13-81
53            android:label="@string/chuck_name"
53-->[com.readystatesoftware.chuck:library:1.1.0] AndroidManifest.xml:30:13-47
54            android:launchMode="singleTask"
54-->[com.readystatesoftware.chuck:library:1.1.0] AndroidManifest.xml:31:13-44
55            android:taskAffinity="com.readystatesoftware.chuck.task"
55-->[com.readystatesoftware.chuck:library:1.1.0] AndroidManifest.xml:32:13-69
56            android:theme="@style/Chuck.Theme" />
56-->[com.readystatesoftware.chuck:library:1.1.0] AndroidManifest.xml:33:13-47
57        <activity
57-->[com.readystatesoftware.chuck:library:1.1.0] AndroidManifest.xml:34:9-37:50
58            android:name="com.readystatesoftware.chuck.internal.ui.TransactionActivity"
58-->[com.readystatesoftware.chuck:library:1.1.0] AndroidManifest.xml:35:13-88
59            android:parentActivityName="com.readystatesoftware.chuck.internal.ui.MainActivity"
59-->[com.readystatesoftware.chuck:library:1.1.0] AndroidManifest.xml:36:13-95
60            android:theme="@style/Chuck.Theme" />
60-->[com.readystatesoftware.chuck:library:1.1.0] AndroidManifest.xml:37:13-47
61
62        <service
62-->[com.readystatesoftware.chuck:library:1.1.0] AndroidManifest.xml:39:9-41:40
63            android:name="com.readystatesoftware.chuck.internal.support.ClearTransactionsService"
63-->[com.readystatesoftware.chuck:library:1.1.0] AndroidManifest.xml:40:13-98
64            android:exported="false" />
64-->[com.readystatesoftware.chuck:library:1.1.0] AndroidManifest.xml:41:13-37
65
66        <provider
66-->[androidx.lifecycle:lifecycle-process:2.2.0] AndroidManifest.xml:25:9-29:43
67            android:name="androidx.lifecycle.ProcessLifecycleOwnerInitializer"
67-->[androidx.lifecycle:lifecycle-process:2.2.0] AndroidManifest.xml:26:13-79
68            android:authorities="com.app.newislam.lifecycle-process"
68-->[androidx.lifecycle:lifecycle-process:2.2.0] AndroidManifest.xml:27:13-69
69            android:exported="false"
69-->[androidx.lifecycle:lifecycle-process:2.2.0] AndroidManifest.xml:28:13-37
70            android:multiprocess="true" />
70-->[androidx.lifecycle:lifecycle-process:2.2.0] AndroidManifest.xml:29:13-40
71    </application>
72
73</manifest>